{"C:\\Users\\Casa\\Desktop\\Repositorios\\FullStackOpen\\Part5\\Notes (frontend)\\src\\components\\Note.jsx": {"path":"C:\\Users\\Casa\\Desktop\\Repositorios\\FullStackOpen\\Part5\\Notes (frontend)\\src\\components\\Note.jsx","statementMap":{"0":{"start":{"line":1,"column":13},"end":{"line":11,"column":null}},"1":{"start":{"line":2,"column":18},"end":{"line":3,"column":null}},"2":{"start":{"line":5,"column":4},"end":{"line":9,"column":null}}},"fnMap":{"0":{"name":"(anonymous_0)","decl":{"start":{"line":1,"column":13},"end":{"line":1,"column":14}},"loc":{"start":{"line":1,"column":45},"end":{"line":11,"column":null}},"line":1}},"branchMap":{"0":{"loc":{"start":{"line":2,"column":18},"end":{"line":3,"column":null}},"type":"cond-expr","locations":[{"start":{"line":3,"column":6},"end":{"line":3,"column":29}},{"start":{"line":3,"column":29},"end":{"line":3,"column":null}}],"line":2}},"s":{"0":1,"1":2,"2":2},"f":{"0":2},"b":{"0":[2,0]},"meta":{"lastBranch":1,"lastFunction":1,"lastStatement":3,"seen":{"s:1:13:11:Infinity":0,"f:1:13:1:14":0,"s:2:18:3:Infinity":1,"b:3:6:3:29:3:29:3:Infinity":0,"s:5:4:9:Infinity":2}}}
,"C:\\Users\\Casa\\Desktop\\Repositorios\\FullStackOpen\\Part5\\Notes (frontend)\\src\\components\\NoteForm.jsx": {"path":"C:\\Users\\Casa\\Desktop\\Repositorios\\FullStackOpen\\Part5\\Notes (frontend)\\src\\components\\NoteForm.jsx","statementMap":{"0":{"start":{"line":3,"column":17},"end":{"line":29,"column":null}},"1":{"start":{"line":4,"column":30},"end":{"line":4,"column":null}},"2":{"start":{"line":6,"column":20},"end":{"line":14,"column":null}},"3":{"start":{"line":7,"column":8},"end":{"line":7,"column":null}},"4":{"start":{"line":8,"column":8},"end":{"line":11,"column":null}},"5":{"start":{"line":13,"column":8},"end":{"line":13,"column":null}},"6":{"start":{"line":16,"column":4},"end":{"line":27,"column":null}},"7":{"start":{"line":23,"column":35},"end":{"line":23,"column":null}}},"fnMap":{"0":{"name":"(anonymous_0)","decl":{"start":{"line":3,"column":17},"end":{"line":3,"column":18}},"loc":{"start":{"line":3,"column":37},"end":{"line":29,"column":null}},"line":3},"1":{"name":"(anonymous_1)","decl":{"start":{"line":6,"column":20},"end":{"line":6,"column":21}},"loc":{"start":{"line":6,"column":31},"end":{"line":14,"column":null}},"line":6},"2":{"name":"(anonymous_2)","decl":{"start":{"line":23,"column":26},"end":{"line":23,"column":35}},"loc":{"start":{"line":23,"column":35},"end":{"line":23,"column":null}},"line":23}},"branchMap":{},"s":{"0":1,"1":19,"2":19,"3":1,"4":1,"5":1,"6":19,"7":17},"f":{"0":19,"1":1,"2":17},"b":{},"meta":{"lastBranch":0,"lastFunction":3,"lastStatement":8,"seen":{"s:3:17:29:Infinity":0,"f:3:17:3:18":0,"s:4:30:4:Infinity":1,"s:6:20:14:Infinity":2,"f:6:20:6:21":1,"s:7:8:7:Infinity":3,"s:8:8:11:Infinity":4,"s:13:8:13:Infinity":5,"s:16:4:27:Infinity":6,"f:23:26:23:35":2,"s:23:35:23:Infinity":7}}}
,"C:\\Users\\Casa\\Desktop\\Repositorios\\FullStackOpen\\Part5\\Notes (frontend)\\src\\components\\Togglable.jsx": {"path":"C:\\Users\\Casa\\Desktop\\Repositorios\\FullStackOpen\\Part5\\Notes (frontend)\\src\\components\\Togglable.jsx","statementMap":{"0":{"start":{"line":3,"column":6},"end":{"line":30,"column":null}},"1":{"start":{"line":4,"column":30},"end":{"line":4,"column":null}},"2":{"start":{"line":6,"column":28},"end":{"line":6,"column":null}},"3":{"start":{"line":7,"column":28},"end":{"line":7,"column":null}},"4":{"start":{"line":9,"column":29},"end":{"line":11,"column":null}},"5":{"start":{"line":10,"column":8},"end":{"line":10,"column":null}},"6":{"start":{"line":13,"column":4},"end":{"line":17,"column":null}},"7":{"start":{"line":14,"column":8},"end":{"line":16,"column":null}},"8":{"start":{"line":19,"column":4},"end":{"line":28,"column":null}}},"fnMap":{"0":{"name":"(anonymous_0)","decl":{"start":{"line":3,"column":29},"end":{"line":3,"column":30}},"loc":{"start":{"line":3,"column":46},"end":{"line":30,"column":1}},"line":3},"1":{"name":"(anonymous_1)","decl":{"start":{"line":9,"column":29},"end":{"line":9,"column":34}},"loc":{"start":{"line":9,"column":34},"end":{"line":11,"column":null}},"line":9},"2":{"name":"(anonymous_2)","decl":{"start":{"line":13,"column":30},"end":{"line":13,"column":36}},"loc":{"start":{"line":13,"column":36},"end":{"line":17,"column":5}},"line":13}},"branchMap":{"0":{"loc":{"start":{"line":6,"column":39},"end":{"line":6,"column":61}},"type":"cond-expr","locations":[{"start":{"line":6,"column":49},"end":{"line":6,"column":58}},{"start":{"line":6,"column":58},"end":{"line":6,"column":61}}],"line":6},"1":{"loc":{"start":{"line":7,"column":39},"end":{"line":7,"column":61}},"type":"cond-expr","locations":[{"start":{"line":7,"column":49},"end":{"line":7,"column":54}},{"start":{"line":7,"column":54},"end":{"line":7,"column":61}}],"line":7}},"s":{"0":1,"1":7,"2":7,"3":7,"4":7,"5":3,"6":7,"7":0,"8":7},"f":{"0":7,"1":3,"2":0},"b":{"0":[2,5],"1":[2,5]},"meta":{"lastBranch":2,"lastFunction":3,"lastStatement":9,"seen":{"s:3:6:30:Infinity":0,"f:3:29:3:30":0,"s:4:30:4:Infinity":1,"s:6:28:6:Infinity":2,"b:6:49:6:58:6:58:6:61":0,"s:7:28:7:Infinity":3,"b:7:49:7:54:7:54:7:61":1,"s:9:29:11:Infinity":4,"f:9:29:9:34":1,"s:10:8:10:Infinity":5,"s:13:4:17:Infinity":6,"f:13:30:13:36":2,"s:14:8:16:Infinity":7,"s:19:4:28:Infinity":8}}}
}
